


ARM Macro Assembler    Page 1 


    1 00000000                 AREA             |.text|, CODE, READONLY,ALIGN=2
    2 00000000                 THUMB
    3 00000000                 REQUIRE8
    4 00000000                 PRESERVE8
    5 00000000         
    6 00000000                 IMPORT           currentPt
    7 00000000                 EXPORT           SysTick_Handler
    8 00000000                 EXPORT           osSchedulerLaunch
    9 00000000         
   10 00000000         OS_DisableInterrupts
   11 00000000 B672            CPSID            I
   12 00000002 4770            BX               LR
   13 00000004         
   14 00000004         OS_EnableInterrupts
   15 00000004 B662            CPSIE            I
   16 00000006 4770            BX               LR
   17 00000008         
   18 00000008         SysTick_Handler                      ; saves r0,r1,r2,r3
                                                            ,r12,lr,pc,psr
   19 00000008 B672            CPSID            I
   20 0000000A E92D 0FF0       PUSH             {R4-R11}    ; saves r4-r11
   21 0000000E 480E            LDR              R0, =currentPt
   22 00000010 6801            LDR              R1, [R0]
   23 00000012 F8C1 D000       STR              SP, [R1]
   24 00000016 6849            LDR              R1, [R1,#4] ; r1 = currentPt->n
                                                            ext
   25 00000018 6001            STR              R1, [R0]    ; currentPt = r1
   26 0000001A F8D1 D000       LDR              SP, [R1]    ; SP = currentPt->s
                                                            tackPt
   27 0000001E E8BD 0FF0       POP              {R4-R11}
   28 00000022 B662            CPSIE            I
   29 00000024 4770            BX               LR          ; Automatically res
                                                            tored by processor
   30 00000026         
   31 00000026         osSchedulerLaunch
   32 00000026 4808            LDR              R0, =currentPt
   33 00000028 6802            LDR              R2, [R0]
   34 0000002A F8D2 D000       LDR              SP, [R2]    ;SP = currentPt->st
                                                            ackPt
   35 0000002E E8BD 0FF0       POP              {R4-R11}
   36 00000032 BC0F            POP              {R0-R3}
   37 00000034 F85D CB04       POP              {R12}
   38 00000038 F85D EB04       POP              {LR}        ;SP,SP,#4
   39 0000003C F85D EB04       POP              {LR}
   40 00000040 BC02            POP              {R1}        ;SP,SP,#4
   41 00000042 B662            CPSIE            I
   42 00000044 4770            BX               LR
   43 00000046         
   44 00000046 00 00           ALIGN
   45 00000048                 END
              00000000 
Command Line: --debug --xref --diag_suppress=9931 --cpu=Cortex-M4.fp --apcs=int
erwork --depend=.\osasm.d -o.\osasm.o -I.\RTE\_RTOS -IC:\Users\Max\AppData\Loca
l\Arm\Packs\ARM\CMSIS\5.5.1\CMSIS\Core\Include -IC:\Users\Max\AppData\Local\Arm
\Packs\Keil\LM4F_DFP\1.0.0\Device\Include --predefine="__EVAL SETA 1" --predefi
ne="__UVISION_VERSION SETA 528" --predefine="_RTE_ SETA 1" --predefine="LM4F120
 SETA 1" --list=.\osasm.lst osasm.s



ARM Macro Assembler    Page 1 Alphabetic symbol ordering
Relocatable symbols

.text 00000000

Symbol: .text
   Definitions
      At line 1 in file osasm.s
   Uses
      None
Comment: .text unused
OS_DisableInterrupts 00000000

Symbol: OS_DisableInterrupts
   Definitions
      At line 10 in file osasm.s
   Uses
      None
Comment: OS_DisableInterrupts unused
OS_EnableInterrupts 00000004

Symbol: OS_EnableInterrupts
   Definitions
      At line 14 in file osasm.s
   Uses
      None
Comment: OS_EnableInterrupts unused
SysTick_Handler 00000008

Symbol: SysTick_Handler
   Definitions
      At line 18 in file osasm.s
   Uses
      At line 7 in file osasm.s
Comment: SysTick_Handler used once
osSchedulerLaunch 00000026

Symbol: osSchedulerLaunch
   Definitions
      At line 31 in file osasm.s
   Uses
      At line 8 in file osasm.s
Comment: osSchedulerLaunch used once
5 symbols



ARM Macro Assembler    Page 1 Alphabetic symbol ordering
External symbols

currentPt 00000000

Symbol: currentPt
   Definitions
      At line 6 in file osasm.s
   Uses
      At line 21 in file osasm.s
      At line 32 in file osasm.s

1 symbol
343 symbols in table
